<?xml version="1.0" encoding="UTF-8"?>
<!-- Generated by org.testng.reporters.JUnitReportReporter -->
<testsuite hostname="SarahHasan" failures="0" tests="4" name="magentoWebSiteg.SignUp" time="20.843" errors="0" timestamp="2024-01-30T20:51:56 EET" skipped="1">
  <testcase classname="magentoWebSiteg.SignUp" name="myFirstTest" time="9.421"/>
  <system-out/>
  <testcase classname="magentoWebSiteg.SignUp" name="LogoutProcess" time="4.908"/>
  <system-out/>
  <testcase classname="magentoWebSiteg.SignUp" name="addOneRandomItem" time="6.514"/>
  <system-out/>
  <testcase classname="magentoWebSiteg.SignUp" name="LoginProcess">
    <skipped/>
  </testcase> <!-- LoginProcess -->
  <system-out/>
</testsuite> <!-- magentoWebSiteg.SignUp -->
